  [1m[35m (0.7ms)[0m  [1m[34mSELECT "schema_migrations"."version" FROM "schema_migrations" ORDER BY "schema_migrations"."version" ASC[0m
  [1m[35m (0.4ms)[0m  [1m[34mSELECT "ar_internal_metadata"."value" FROM "ar_internal_metadata" WHERE "ar_internal_metadata"."key" = $1[0m  [["key", "environment"]]
  [1m[35m (0.3ms)[0m  [1m[34mSELECT "schema_migrations"."version" FROM "schema_migrations" ORDER BY "schema_migrations"."version" ASC[0m
  [1m[35m (0.2ms)[0m  [1m[34mSELECT "ar_internal_metadata"."value" FROM "ar_internal_metadata" WHERE "ar_internal_metadata"."key" = $1[0m  [["key", "environment"]]
  [1m[35m (0.2ms)[0m  [1m[34mSELECT "schema_migrations"."version" FROM "schema_migrations" ORDER BY "schema_migrations"."version" ASC[0m
  [1m[35m (0.2ms)[0m  [1m[34mSELECT "ar_internal_metadata"."value" FROM "ar_internal_metadata" WHERE "ar_internal_metadata"."key" = $1[0m  [["key", "environment"]]
  [1m[35m (198.3ms)[0m  [1m[35mDROP DATABASE IF EXISTS "flealibrary_development"[0m
  [1m[35m (207.4ms)[0m  [1m[35mDROP DATABASE IF EXISTS "flealibrary_test"[0m
  [1m[35m (5.0ms)[0m  [1m[35mCREATE TABLE "schema_migrations" ("version" character varying NOT NULL PRIMARY KEY)[0m
  [1m[35m (3.2ms)[0m  [1m[35mCREATE TABLE "ar_internal_metadata" ("key" character varying NOT NULL PRIMARY KEY, "value" character varying, "created_at" timestamp NOT NULL, "updated_at" timestamp NOT NULL)[0m
  [1m[35m (0.2ms)[0m  [1m[34mSELECT pg_try_advisory_lock(7461772034015038740)[0m
  [1m[35m (0.7ms)[0m  [1m[34mSELECT "schema_migrations"."version" FROM "schema_migrations" ORDER BY "schema_migrations"."version" ASC[0m
Migrating to DeviseCreateUsers (1)
  [1m[35m (0.3ms)[0m  [1m[35mBEGIN[0m
  [1m[35m (23.5ms)[0m  [1m[35mCREATE TABLE "users" ("id" bigserial primary key, "name" character varying, "surname" character varying, "username" character varying, "email" character varying DEFAULT '' NOT NULL, "encrypted_password" character varying DEFAULT '' NOT NULL, "reset_password_token" character varying, "reset_password_sent_at" timestamp, "remember_created_at" timestamp, "sign_in_count" integer DEFAULT 0 NOT NULL, "current_sign_in_at" timestamp, "last_sign_in_at" timestamp, "current_sign_in_ip" inet, "last_sign_in_ip" inet, "created_at" timestamp NOT NULL, "updated_at" timestamp NOT NULL)[0m
  [1m[35m (1.3ms)[0m  [1m[35mCREATE UNIQUE INDEX  "index_users_on_email" ON "users"  ("email")[0m
  [1m[35m (1.2ms)[0m  [1m[35mCREATE UNIQUE INDEX  "index_users_on_reset_password_token" ON "users"  ("reset_password_token")[0m
  [1m[35mSQL (0.9ms)[0m  [1m[32mINSERT INTO "schema_migrations" ("version") VALUES ($1) RETURNING "version"[0m  [["version", "1"]]
  [1m[35m (0.9ms)[0m  [1m[35mCOMMIT[0m
Migrating to ChangeUsernameTypeInUsers (2)
  [1m[35m (6.2ms)[0m  [1m[35mBEGIN[0m
  [1m[35m (0.5ms)[0m  [1m[35mALTER TABLE "users" ALTER "username" DROP NOT NULL[0m
  [1m[35mSQL (0.4ms)[0m  [1m[32mINSERT INTO "schema_migrations" ("version") VALUES ($1) RETURNING "version"[0m  [["version", "2"]]
  [1m[35m (6.2ms)[0m  [1m[35mCOMMIT[0m
Migrating to AddRoleToUsers (3)
  [1m[35m (0.3ms)[0m  [1m[35mBEGIN[0m
  [1m[35m (30.6ms)[0m  [1m[35mALTER TABLE "users" ADD "role" character varying DEFAULT 'booklover'[0m
  [1m[35mSQL (0.5ms)[0m  [1m[32mINSERT INTO "schema_migrations" ("version") VALUES ($1) RETURNING "version"[0m  [["version", "3"]]
  [1m[35m (2.4ms)[0m  [1m[35mCOMMIT[0m
Migrating to ChatMigration (4)
  [1m[35m (0.4ms)[0m  [1m[35mBEGIN[0m
  [1m[35m (14.4ms)[0m  [1m[35mCREATE TABLE "chats" ("id" bigserial primary key, "created_at" timestamp NOT NULL, "updated_at" timestamp NOT NULL, "owner_id" bigint, "guest_id" bigint)[0m
  [1m[35m (7.3ms)[0m  [1m[35mCREATE  INDEX  "index_chats_on_owner_id" ON "chats"  ("owner_id")[0m
  [1m[35m (1.6ms)[0m  [1m[35mCREATE  INDEX  "index_chats_on_guest_id" ON "chats"  ("guest_id")[0m
  [1m[35m (3.9ms)[0m  [1m[35mALTER TABLE "chats" ADD CONSTRAINT "fk_rails_a229e37047"
FOREIGN KEY ("owner_id")
  REFERENCES "users" ("id")
[0m
  [1m[35m (2.7ms)[0m  [1m[35mALTER TABLE "chats" ADD CONSTRAINT "fk_rails_d21eee654c"
FOREIGN KEY ("guest_id")
  REFERENCES "users" ("id")
[0m
  [1m[35m (4.2ms)[0m  [1m[35mCREATE TABLE "messages" ("id" bigserial primary key, "created_at" timestamp NOT NULL, "updated_at" timestamp NOT NULL, "text" character varying, "read" boolean, "from" integer DEFAULT 0, "chat_id" bigint)[0m
  [1m[35m (1.9ms)[0m  [1m[35mCREATE  INDEX  "index_messages_on_chat_id" ON "messages"  ("chat_id")[0m
  [1m[35m (3.5ms)[0m  [1m[35mALTER TABLE "messages" ADD CONSTRAINT "fk_rails_0f670de7ba"
FOREIGN KEY ("chat_id")
  REFERENCES "chats" ("id")
[0m
  [1m[35mSQL (0.5ms)[0m  [1m[32mINSERT INTO "schema_migrations" ("version") VALUES ($1) RETURNING "version"[0m  [["version", "4"]]
  [1m[35m (1.0ms)[0m  [1m[35mCOMMIT[0m
Migrating to CreateAds (5)
  [1m[35m (11.7ms)[0m  [1m[35mBEGIN[0m
  [1m[35m (36.5ms)[0m  [1m[35mCREATE TABLE "ads" ("id" bigserial primary key, "list_type" integer, "book_title" character varying, "book_authors" character varying, "link_to_coverbook" character varying, "publisher" character varying, "identifier" character varying, "user_id" bigint, "created_at" timestamp NOT NULL, "updated_at" timestamp NOT NULL)[0m
  [1m[35m (1.4ms)[0m  [1m[35mCREATE  INDEX  "index_ads_on_user_id" ON "ads"  ("user_id")[0m
  [1m[35mSQL (0.4ms)[0m  [1m[32mINSERT INTO "schema_migrations" ("version") VALUES ($1) RETURNING "version"[0m  [["version", "5"]]
  [1m[35m (0.6ms)[0m  [1m[35mCOMMIT[0m
Migrating to AddDetailsToUsers (6)
  [1m[35m (6.2ms)[0m  [1m[35mBEGIN[0m
  [1m[35m (0.5ms)[0m  [1m[35mALTER TABLE "users" ADD "confirmation_token" character varying[0m
  [1m[35m (0.8ms)[0m  [1m[35mALTER TABLE "users" ADD "confirmed_at" timestamp[0m
  [1m[35m (0.7ms)[0m  [1m[35mALTER TABLE "users" ADD "confirmation_sent_at" timestamp[0m
  [1m[35m (12.8ms)[0m  [1m[35mCREATE UNIQUE INDEX  "index_users_on_confirmation_token" ON "users"  ("confirmation_token")[0m
  [1m[35m (2.6ms)[0m  [1m[35mCREATE UNIQUE INDEX  "index_users_on_username" ON "users"  ("username")[0m
  [1m[35mSQL (0.3ms)[0m  [1m[32mINSERT INTO "schema_migrations" ("version") VALUES ($1) RETURNING "version"[0m  [["version", "6"]]
  [1m[35m (0.4ms)[0m  [1m[35mCOMMIT[0m
Migrating to AddImageToUsers (7)
  [1m[35m (0.3ms)[0m  [1m[35mBEGIN[0m
  [1m[35m (0.5ms)[0m  [1m[35mALTER TABLE "users" ADD "image" character varying[0m
  [1m[35mSQL (0.5ms)[0m  [1m[32mINSERT INTO "schema_migrations" ("version") VALUES ($1) RETURNING "version"[0m  [["version", "7"]]
  [1m[35m (6.3ms)[0m  [1m[35mCOMMIT[0m
  [1m[36mActiveRecord::InternalMetadata Load (0.6ms)[0m  [1m[34mSELECT  "ar_internal_metadata".* FROM "ar_internal_metadata" WHERE "ar_internal_metadata"."key" = $1 LIMIT $2[0m  [["key", "environment"], ["LIMIT", 1]]
  [1m[35m (0.2ms)[0m  [1m[35mBEGIN[0m
  [1m[35mSQL (0.5ms)[0m  [1m[32mINSERT INTO "ar_internal_metadata" ("key", "value", "created_at", "updated_at") VALUES ($1, $2, $3, $4) RETURNING "key"[0m  [["key", "environment"], ["value", "development"], ["created_at", "2018-05-31 13:44:39.211594"], ["updated_at", "2018-05-31 13:44:39.211594"]]
  [1m[35m (0.5ms)[0m  [1m[35mCOMMIT[0m
  [1m[35m (0.3ms)[0m  [1m[34mSELECT pg_advisory_unlock(7461772034015038740)[0m
  [1m[35m (0.3ms)[0m  [1m[34mSELECT "schema_migrations"."version" FROM "schema_migrations" ORDER BY "schema_migrations"."version" ASC[0m
  [1m[35m (0.7ms)[0m  [1m[34mSELECT "schema_migrations"."version" FROM "schema_migrations" ORDER BY "schema_migrations"."version" ASC[0m
  [1m[35m (0.2ms)[0m  [1m[35mBEGIN[0m
  [1m[36mUser Exists (1.5ms)[0m  [1m[34mSELECT  1 AS one FROM "users" WHERE "users"."email" = $1 LIMIT $2[0m  [["email", "dante@gmail.com"], ["LIMIT", 1]]
  [1m[36mUser Exists (0.6ms)[0m  [1m[34mSELECT  1 AS one FROM "users" WHERE "users"."username" = $1 LIMIT $2[0m  [["username", "dante"], ["LIMIT", 1]]
  [1m[35mSQL (1.3ms)[0m  [1m[32mINSERT INTO "users" ("name", "surname", "username", "email", "encrypted_password", "created_at", "updated_at", "role") VALUES ($1, $2, $3, $4, $5, $6, $7, $8) RETURNING "id"[0m  [["name", "dante"], ["surname", "alighieri"], ["username", "dante"], ["email", "dante@gmail.com"], ["encrypted_password", "$2a$11$yt19YRcWv7JiZw4RsxV5YuG/HPC3Kq0o6PSwkB2jaDLl0ZNOvufN."], ["created_at", "2018-05-31 13:44:43.115639"], ["updated_at", "2018-05-31 13:44:43.115639"], ["role", "superadmin"]]
  [1m[35m (6.7ms)[0m  [1m[35mCOMMIT[0m
  [1m[35m (0.2ms)[0m  [1m[35mBEGIN[0m
  [1m[36mUser Exists (0.5ms)[0m  [1m[34mSELECT  1 AS one FROM "users" WHERE "users"."email" = $1 LIMIT $2[0m  [["email", "giorgio@gmail.com"], ["LIMIT", 1]]
  [1m[36mUser Exists (0.3ms)[0m  [1m[34mSELECT  1 AS one FROM "users" WHERE "users"."username" = $1 LIMIT $2[0m  [["username", "giorgio"], ["LIMIT", 1]]
  [1m[35mSQL (0.5ms)[0m  [1m[32mINSERT INTO "users" ("name", "surname", "username", "email", "encrypted_password", "created_at", "updated_at", "role") VALUES ($1, $2, $3, $4, $5, $6, $7, $8) RETURNING "id"[0m  [["name", "giorgio"], ["surname", "dema"], ["username", "giorgio"], ["email", "giorgio@gmail.com"], ["encrypted_password", "$2a$11$TX7Y.u.pjvbWtS1xgYb.3uuFbxZUxtbtPmscIJ.8el9CgU97VNTCa"], ["created_at", "2018-05-31 13:44:43.291385"], ["updated_at", "2018-05-31 13:44:43.291385"], ["role", "admin"]]
  [1m[35m (8.6ms)[0m  [1m[35mCOMMIT[0m
  [1m[35m (0.2ms)[0m  [1m[35mBEGIN[0m
  [1m[36mUser Exists (0.4ms)[0m  [1m[34mSELECT  1 AS one FROM "users" WHERE "users"."email" = $1 LIMIT $2[0m  [["email", "vincenzo@gmail.com"], ["LIMIT", 1]]
  [1m[36mUser Exists (0.3ms)[0m  [1m[34mSELECT  1 AS one FROM "users" WHERE "users"."username" = $1 LIMIT $2[0m  [["username", "vincenzo"], ["LIMIT", 1]]
  [1m[35mSQL (0.4ms)[0m  [1m[32mINSERT INTO "users" ("name", "surname", "username", "email", "encrypted_password", "created_at", "updated_at", "role") VALUES ($1, $2, $3, $4, $5, $6, $7, $8) RETURNING "id"[0m  [["name", "vincenzo"], ["surname", "cas"], ["username", "vincenzo"], ["email", "vincenzo@gmail.com"], ["encrypted_password", "$2a$11$msJcw5sJnsIb31bizJYXNe.Akr6sEkzdH54X0sdnByAooGaSDMWwG"], ["created_at", "2018-05-31 13:44:43.484852"], ["updated_at", "2018-05-31 13:44:43.484852"], ["role", "admin"]]
  [1m[35m (8.9ms)[0m  [1m[35mCOMMIT[0m
  [1m[35m (0.2ms)[0m  [1m[35mBEGIN[0m
  [1m[36mUser Exists (0.4ms)[0m  [1m[34mSELECT  1 AS one FROM "users" WHERE "users"."email" = $1 LIMIT $2[0m  [["email", "flavia@gmail.com"], ["LIMIT", 1]]
  [1m[36mUser Exists (0.3ms)[0m  [1m[34mSELECT  1 AS one FROM "users" WHERE "users"."username" = $1 LIMIT $2[0m  [["username", "flavia"], ["LIMIT", 1]]
  [1m[35mSQL (0.4ms)[0m  [1m[32mINSERT INTO "users" ("name", "surname", "username", "email", "encrypted_password", "created_at", "updated_at", "role") VALUES ($1, $2, $3, $4, $5, $6, $7, $8) RETURNING "id"[0m  [["name", "flavia"], ["surname", "mon"], ["username", "flavia"], ["email", "flavia@gmail.com"], ["encrypted_password", "$2a$11$WRkFJ9jT9a5fMany4s4i3Or4G8U59xSZLybpxHvmufTZ/iouD7dmG"], ["created_at", "2018-05-31 13:44:43.663587"], ["updated_at", "2018-05-31 13:44:43.663587"], ["role", "admin"]]
  [1m[35m (8.7ms)[0m  [1m[35mCOMMIT[0m
  [1m[35m (0.3ms)[0m  [1m[35mBEGIN[0m
  [1m[35mSQL (1.3ms)[0m  [1m[32mINSERT INTO "chats" ("created_at", "updated_at", "owner_id", "guest_id") VALUES ($1, $2, $3, $4) RETURNING "id"[0m  [["created_at", "2018-05-31 13:44:43.715534"], ["updated_at", "2018-05-31 13:44:43.715534"], ["owner_id", 2], ["guest_id", 3]]
  [1m[35m (6.6ms)[0m  [1m[35mCOMMIT[0m
  [1m[35m (0.3ms)[0m  [1m[35mBEGIN[0m
  [1m[35mSQL (1.0ms)[0m  [1m[32mINSERT INTO "messages" ("created_at", "updated_at", "text", "read", "chat_id") VALUES ($1, $2, $3, $4, $5) RETURNING "id"[0m  [["created_at", "2018-05-31 13:44:43.751527"], ["updated_at", "2018-05-31 13:44:43.751527"], ["text", "Ciao vincenzone porcone"], ["read", "t"], ["chat_id", 1]]
  [1m[35m (0.5ms)[0m  [1m[35mCOMMIT[0m
  [1m[35m (0.2ms)[0m  [1m[35mBEGIN[0m
  [1m[35mSQL (0.5ms)[0m  [1m[32mINSERT INTO "messages" ("created_at", "updated_at", "text", "read", "from", "chat_id") VALUES ($1, $2, $3, $4, $5, $6) RETURNING "id"[0m  [["created_at", "2018-05-31 13:44:43.755665"], ["updated_at", "2018-05-31 13:44:43.755665"], ["text", "Ciao giorgio, sei bellissimo"], ["read", "t"], ["from", 1], ["chat_id", 1]]
  [1m[35m (0.4ms)[0m  [1m[35mCOMMIT[0m
  [1m[35m (0.1ms)[0m  [1m[35mBEGIN[0m
  [1m[35mSQL (0.5ms)[0m  [1m[32mINSERT INTO "chats" ("created_at", "updated_at", "owner_id", "guest_id") VALUES ($1, $2, $3, $4) RETURNING "id"[0m  [["created_at", "2018-05-31 13:44:43.759115"], ["updated_at", "2018-05-31 13:44:43.759115"], ["owner_id", 2], ["guest_id", 4]]
  [1m[35m (0.5ms)[0m  [1m[35mCOMMIT[0m
  [1m[35m (0.2ms)[0m  [1m[35mBEGIN[0m
  [1m[35mSQL (0.6ms)[0m  [1m[32mINSERT INTO "messages" ("created_at", "updated_at", "text", "read", "chat_id") VALUES ($1, $2, $3, $4, $5) RETURNING "id"[0m  [["created_at", "2018-05-31 13:44:43.762461"], ["updated_at", "2018-05-31 13:44:43.762461"], ["text", "Ciao Fla, come stai?"], ["read", "t"], ["chat_id", 2]]
  [1m[35m (0.6ms)[0m  [1m[35mCOMMIT[0m
  [1m[35m (0.2ms)[0m  [1m[35mBEGIN[0m
  [1m[35mSQL (0.6ms)[0m  [1m[32mINSERT INTO "messages" ("created_at", "updated_at", "text", "read", "from", "chat_id") VALUES ($1, $2, $3, $4, $5, $6) RETURNING "id"[0m  [["created_at", "2018-05-31 13:44:43.766550"], ["updated_at", "2018-05-31 13:44:43.766550"], ["text", "Ciao Gio, bene tu? stai studiando?"], ["read", "t"], ["from", 1], ["chat_id", 2]]
  [1m[35m (0.4ms)[0m  [1m[35mCOMMIT[0m
Started GET "/cable" for 127.0.0.1 at 2018-05-31 15:44:50 +0200
  [1m[35m (0.7ms)[0m  [1m[34mSELECT "schema_migrations"."version" FROM "schema_migrations" ORDER BY "schema_migrations"."version" ASC[0m
Started GET "/cable/" [WebSocket] for 127.0.0.1 at 2018-05-31 15:44:50 +0200
Successfully upgraded to WebSocket (REQUEST_METHOD: GET, HTTP_CONNECTION: Upgrade, HTTP_UPGRADE: websocket)
MailboxChannel is transmitting the subscription confirmation
MailboxChannel is streaming from mailbox_2
Started GET "/users/profile" for 127.0.0.1 at 2018-05-31 15:44:52 +0200
Processing by HomeController#profile as HTML
  [1m[36mUser Load (1.0ms)[0m  [1m[34mSELECT  "users".* FROM "users" WHERE "users"."id" = $1 ORDER BY "users"."id" ASC LIMIT $2[0m  [["id", 2], ["LIMIT", 1]]
Completed 401 Unauthorized in 63ms (ActiveRecord: 8.8ms)


Started GET "/users/sign_in" for 127.0.0.1 at 2018-05-31 15:44:52 +0200
Processing by Users::SessionsController#new as HTML
  Rendering users/sessions/new.html.erb within layouts/application
  Rendered users/sessions/new.html.erb within layouts/application (21.1ms)
Completed 200 OK in 2030ms (Views: 2026.2ms | ActiveRecord: 0.0ms)


Finished "/cable/" [WebSocket] for 127.0.0.1 at 2018-05-31 15:44:54 +0200
MailboxChannel stopped streaming from mailbox_2
Started GET "/cable" for 127.0.0.1 at 2018-05-31 15:44:54 +0200
Started GET "/cable/" [WebSocket] for 127.0.0.1 at 2018-05-31 15:44:54 +0200
Successfully upgraded to WebSocket (REQUEST_METHOD: GET, HTTP_CONNECTION: Upgrade, HTTP_UPGRADE: websocket)
MailboxChannel is transmitting the subscription confirmation
MailboxChannel is streaming from mailbox_
Started POST "/users/sign_in" for 127.0.0.1 at 2018-05-31 15:44:56 +0200
Processing by Users::SessionsController#create as HTML
  Parameters: {"utf8"=>"✓", "authenticity_token"=>"iE3Ajccd2oGiP68WkuuLqHTqGeMm3cCB4m1ViKsUkcDlXRBZaGanNBScc+kmiiw1qWdiMI8AdOHmJ+iUZ89KxQ==", "user"=>{"email"=>"giorgio@gmail.com", "password"=>"[FILTERED]", "remember_me"=>"0"}, "commit"=>"Log in"}
  [1m[36mUser Load (0.9ms)[0m  [1m[34mSELECT  "users".* FROM "users" WHERE "users"."email" = $1 ORDER BY "users"."id" ASC LIMIT $2[0m  [["email", "giorgio@gmail.com"], ["LIMIT", 1]]
  [1m[35m (0.3ms)[0m  [1m[35mBEGIN[0m
  [1m[35mSQL (0.8ms)[0m  [1m[33mUPDATE "users" SET "current_sign_in_at" = $1, "last_sign_in_at" = $2, "current_sign_in_ip" = $3, "last_sign_in_ip" = $4, "sign_in_count" = $5, "updated_at" = $6 WHERE "users"."id" = $7[0m  [["current_sign_in_at", "2018-05-31 13:44:56.813246"], ["last_sign_in_at", "2018-05-31 13:44:56.813246"], ["current_sign_in_ip", "127.0.0.1/32"], ["last_sign_in_ip", "127.0.0.1/32"], ["sign_in_count", 1], ["updated_at", "2018-05-31 13:44:56.816348"], ["id", 2]]
  [1m[35m (8.8ms)[0m  [1m[35mCOMMIT[0m
Redirected to http://127.0.0.1:3000/users/profile
Completed 302 Found in 235ms (ActiveRecord: 10.8ms)


Started GET "/users/profile" for 127.0.0.1 at 2018-05-31 15:44:56 +0200
Processing by HomeController#profile as HTML
  [1m[36mUser Load (0.6ms)[0m  [1m[34mSELECT  "users".* FROM "users" WHERE "users"."id" = $1 ORDER BY "users"."id" ASC LIMIT $2[0m  [["id", 2], ["LIMIT", 1]]
  Rendering home/profile.html.erb within layouts/application
  [1m[36mChat Load (1.2ms)[0m  [1m[34mSELECT "chats".* FROM "chats" WHERE (owner_id = 2 OR guest_id = 2)[0m
  [1m[36mUser Load (0.4ms)[0m  [1m[34mSELECT  "users".* FROM "users" WHERE "users"."id" = $1 LIMIT $2[0m  [["id", 2], ["LIMIT", 1]]
  [1m[36mUser Load (0.4ms)[0m  [1m[34mSELECT  "users".* FROM "users" WHERE "users"."id" = $1 LIMIT $2[0m  [["id", 3], ["LIMIT", 1]]
  [1m[36mCACHE User Load (0.0ms)[0m  [1m[34mSELECT  "users".* FROM "users" WHERE "users"."id" = $1 LIMIT $2[0m  [["id", 2], ["LIMIT", 1]]
  [1m[36mUser Load (0.4ms)[0m  [1m[34mSELECT  "users".* FROM "users" WHERE "users"."id" = $1 LIMIT $2[0m  [["id", 4], ["LIMIT", 1]]
  Rendered home/_chats_index.html.erb (54.0ms)
  [1m[36mMessage Load (0.6ms)[0m  [1m[34mSELECT "messages".* FROM "messages" WHERE "messages"."chat_id" = $1[0m  [["chat_id", 1]]
  [1m[36mMessage Load (0.4ms)[0m  [1m[34mSELECT "messages".* FROM "messages" WHERE "messages"."chat_id" = $1[0m  [["chat_id", 2]]
  Rendered home/_chat.html.erb (49.8ms)
  Rendered home/profile.html.erb within layouts/application (111.5ms)
Completed 200 OK in 188ms (Views: 159.4ms | ActiveRecord: 13.1ms)


Finished "/cable/" [WebSocket] for 127.0.0.1 at 2018-05-31 15:44:57 +0200
MailboxChannel stopped streaming from mailbox_
Started GET "/cable" for 127.0.0.1 at 2018-05-31 15:44:57 +0200
Started GET "/cable/" [WebSocket] for 127.0.0.1 at 2018-05-31 15:44:57 +0200
Successfully upgraded to WebSocket (REQUEST_METHOD: GET, HTTP_CONNECTION: Upgrade, HTTP_UPGRADE: websocket)
MailboxChannel is transmitting the subscription confirmation
MailboxChannel is streaming from mailbox_2
Started GET "/cable" for 127.0.0.1 at 2018-05-31 15:45:01 +0200
Started GET "/cable/" [WebSocket] for 127.0.0.1 at 2018-05-31 15:45:01 +0200
Successfully upgraded to WebSocket (REQUEST_METHOD: GET, HTTP_CONNECTION: Upgrade, HTTP_UPGRADE: websocket)
MailboxChannel is transmitting the subscription confirmation
MailboxChannel is streaming from mailbox_4
Started GET "/users/profile" for 127.0.0.1 at 2018-05-31 15:47:49 +0200
Processing by HomeController#profile as HTML
  [1m[36mUser Load (0.7ms)[0m  [1m[34mSELECT  "users".* FROM "users" WHERE "users"."id" = $1 ORDER BY "users"."id" ASC LIMIT $2[0m  [["id", 2], ["LIMIT", 1]]
  Rendering home/profile.html.erb within layouts/application
  Rendered home/profile.html.erb within layouts/application (1.5ms)
Completed 500 Internal Server Error in 16ms (ActiveRecord: 0.7ms)


  
SyntaxError (/Users/giorgiodemagistris/Desktop/flealibrary/app/views/home/profile.html.erb:9: syntax error, unexpected ',', expecting ')'
user.image.url, alt: 'Image'), :class => "user_img" );@outpu
                              ^):
  
app/views/home/profile.html.erb:9: syntax error, unexpected ',', expecting ')'
Finished "/cable/" [WebSocket] for 127.0.0.1 at 2018-05-31 15:47:49 +0200
MailboxChannel stopped streaming from mailbox_2
Started GET "/users/profile" for 127.0.0.1 at 2018-05-31 15:48:38 +0200
Processing by HomeController#profile as HTML
  [1m[36mUser Load (0.5ms)[0m  [1m[34mSELECT  "users".* FROM "users" WHERE "users"."id" = $1 ORDER BY "users"."id" ASC LIMIT $2[0m  [["id", 2], ["LIMIT", 1]]
  Rendering home/profile.html.erb within layouts/application
  Rendered home/profile.html.erb within layouts/application (1.7ms)
Completed 500 Internal Server Error in 15ms (ActiveRecord: 0.5ms)


  
SyntaxError (/Users/giorgiodemagistris/Desktop/flealibrary/app/views/home/profile.html.erb:9: syntax error, unexpected ',', expecting ')'
user.image.url, alt: 'Image'), class: 'user_img' );@output_b
                              ^):
  
app/views/home/profile.html.erb:9: syntax error, unexpected ',', expecting ')'
Started GET "/users/profile" for 127.0.0.1 at 2018-05-31 15:49:02 +0200
Processing by HomeController#profile as HTML
  [1m[36mUser Load (0.7ms)[0m  [1m[34mSELECT  "users".* FROM "users" WHERE "users"."id" = $1 ORDER BY "users"."id" ASC LIMIT $2[0m  [["id", 2], ["LIMIT", 1]]
  Rendering home/profile.html.erb within layouts/application
  [1m[36mChat Load (0.6ms)[0m  [1m[34mSELECT "chats".* FROM "chats" WHERE (owner_id = 2 OR guest_id = 2)[0m
  [1m[36mUser Load (0.8ms)[0m  [1m[34mSELECT  "users".* FROM "users" WHERE "users"."id" = $1 LIMIT $2[0m  [["id", 2], ["LIMIT", 1]]
  [1m[36mUser Load (0.5ms)[0m  [1m[34mSELECT  "users".* FROM "users" WHERE "users"."id" = $1 LIMIT $2[0m  [["id", 3], ["LIMIT", 1]]
  [1m[36mCACHE User Load (0.0ms)[0m  [1m[34mSELECT  "users".* FROM "users" WHERE "users"."id" = $1 LIMIT $2[0m  [["id", 2], ["LIMIT", 1]]
  [1m[36mUser Load (0.5ms)[0m  [1m[34mSELECT  "users".* FROM "users" WHERE "users"."id" = $1 LIMIT $2[0m  [["id", 4], ["LIMIT", 1]]
  Rendered home/_chats_index.html.erb (10.1ms)
  [1m[36mMessage Load (0.5ms)[0m  [1m[34mSELECT "messages".* FROM "messages" WHERE "messages"."chat_id" = $1[0m  [["chat_id", 1]]
  [1m[36mMessage Load (0.4ms)[0m  [1m[34mSELECT "messages".* FROM "messages" WHERE "messages"."chat_id" = $1[0m  [["chat_id", 2]]
  Rendered home/_chat.html.erb (4.3ms)
  Rendered home/profile.html.erb within layouts/application (29.9ms)
Completed 200 OK in 104ms (Views: 94.5ms | ActiveRecord: 4.1ms)


Started GET "/cable" for 127.0.0.1 at 2018-05-31 15:49:02 +0200
Started GET "/cable/" [WebSocket] for 127.0.0.1 at 2018-05-31 15:49:02 +0200
Successfully upgraded to WebSocket (REQUEST_METHOD: GET, HTTP_CONNECTION: Upgrade, HTTP_UPGRADE: websocket)
MailboxChannel is transmitting the subscription confirmation
MailboxChannel is streaming from mailbox_2
Started GET "/users/sign_in" for 127.0.0.1 at 2018-05-31 15:49:09 +0200
Processing by Users::SessionsController#new as HTML
  [1m[36mUser Load (0.5ms)[0m  [1m[34mSELECT  "users".* FROM "users" WHERE "users"."id" = $1 ORDER BY "users"."id" ASC LIMIT $2[0m  [["id", 2], ["LIMIT", 1]]
Redirected to http://127.0.0.1:3000/users/profile
Filter chain halted as :require_no_authentication rendered or redirected
Completed 302 Found in 4ms (ActiveRecord: 0.5ms)


Finished "/cable/" [WebSocket] for 127.0.0.1 at 2018-05-31 15:49:09 +0200
MailboxChannel stopped streaming from mailbox_2
Started GET "/cable" for 127.0.0.1 at 2018-05-31 15:49:09 +0200
Started GET "/cable/" [WebSocket] for 127.0.0.1 at 2018-05-31 15:49:09 +0200
Successfully upgraded to WebSocket (REQUEST_METHOD: GET, HTTP_CONNECTION: Upgrade, HTTP_UPGRADE: websocket)
MailboxChannel is transmitting the subscription confirmation
MailboxChannel is streaming from mailbox_2
